test.obj : error LNK2019: ссылка на неразрешенный внешний символ "int * __cdecl createEvenDiagonalArray(int * *,int,int &)" (?createEvenDiagonalArray@@YAPEAHPEAPEAHHAEAH@Z) в функции "private: virtual void __cdecl CreateEvenDiagonalArrayTest_HandlesNoEvenNumbers_Test::TestBody(void)" (?TestBody@CreateEvenDiagonalArrayTest_HandlesNoEvenNumbers_Test@@EEAAXXZ).
test.obj : error LNK2019: ссылка на неразрешенный внешний символ "int __cdecl calculateProduct(int *,int)" (?calculateProduct@@YAHPEAHH@Z) в функции "private: virtual void __cdecl CalculateProductTest_HandlesEmptyArray_Test::TestBody(void)" (?TestBody@CalculateProductTest_HandlesEmptyArray_Test@@EEAAXXZ).
test.obj : error LNK2019: ссылка на неразрешенный внешний символ "void __cdecl printArray(int *,int)" (?printArray@@YAXPEAHH@Z) в функции "private: virtual void __cdecl PrintArrayTest_HandlesNonEmptyArray_Test::TestBody(void)" (?TestBody@PrintArrayTest_HandlesNonEmptyArray_Test@@EEAAXXZ).
C:\Users\USER\OneDrive\Документы\OAIP\LR5\Task_3\Task_3\x64\Debug\Test3.exe : fatal error LNK1120: неразрешенных внешних элементов: 3
